[www.jja.co.il/english.html]
[static.wixstatic.com/media/522405_9d976a20dde044faad3bd0d927cecabf_mv2.png/v1/fill/w_32,h_32,lg_1,usm_0.66_1.00_0.01/522405_9d976a20dde044faad3bd0d927cecabf_mv2.1]
[static.parastorage.com/unpkg/core-js-bundle@3.2.1/minified.js]
[static.parastorage.com/unpkg/focus-within-polyfill@5.0.9/dist/focus-within-polyfill.js]
[backblue.gif]
[fade.gif]
[index.html]
[polyfill.io/v3/polyfill.mind82c.js]
[browser.sentry-cdn.com/6.18.2/bundle.min.js]
[www.jja.co.il/decodeURIComponent(e]
[www.jja.co.il/sitemap.xml]
[www.jja.co.il/feed.xml]
[static.parastorage.com/services/wix-thunderbolt/dist/bootstrap-features.9ca6e510.bundle.min.js]
[static.parastorage.com/services/wix-thunderbolt/dist/main.cb675ae8.bundle.min.js]
[static.parastorage.com/unpkg/lodash@4.17.21/lodash.min.js]
[static.parastorage.com/unpkg/react@16.14.0/umd/react.production.min.js]
[static.parastorage.com/services/wix-code-platform/1.1097.93/elementory-browser-support.min.js]
[static.parastorage.com/services/tag-manager-client/1.427.0/siteTags.bundle.min.js]
[static.parastorage.com/unpkg-semver/mobile-app-banner/app.bundle.min.js]
[static.parastorage.com/services/wix-perf-measure/1.1042.0/wix-perf-measure.bundle.min.js]
[static.parastorage.com/unpkg/react-dom@16.14.0/umd/react-dom.production.min.js]
[static.parastorage.com/services/editor-elements/dist/media/sloppyframe.d6793e19.png]
[www.jja.co.il/eec152dc.min.13.delayed]
[www.jja.co.il/version/index.html]
[www.jja.co.il/fa226960.min.css]
[www.jja.co.il/0f167ed7.min.css]
[www.jja.co.il/b604fd33.min.css]
[www.jja.co.il/02b07b80.min.css]
[www.jja.co.il/7c602eb2.min.css]
[www.jja.co.il/f52e40aa.min.css]
[www.jja.co.il/b8760986.min.css]
[www.jja.co.il/index.html]
[www.jja.co.il/99a6a99f.min.css]
[www.jja.co.il/62a3290c.min.css]
[www.jja.co.il/1f15f937.min.css]
[www.jja.co.il/7a36fe10.chunk.min.js]
[www.jja.co.il/e3671379.chunk.min.js]
[www.jja.co.il/rb_wixui.thunderbolt_bootstrap-classic.db545a77.chunk.min.js]
[www.jja.co.il/rb_wixui.thunderbolt_bootstrap.8a86afda.chunk.min.css]
[www.jja.co.il/rb_wixui.thunderbolt_bootstrap.7a36fe10.chunk.min.js]
[www.jja.co.il/rb_wixui.thunderbolt_bootstrap-responsive.f3ca696f.chunk.min.css]
[www.jja.co.il/rb_wixui.thunderbolt_bootstrap-responsive.e3671379.chunk.min.js]
[www.jja.co.il/rb_wixui.thunderbolt_common-site-members-dialogs.384b0b57.chunk.min.css]
[www.jja.co.il/rb_wixui.thunderbolt_common-site-members-dialogs.2059cbfd.chunk.min.js]
[www.jja.co.il/academy.html]
[www.jja.co.il/team.html]
[www.jja.co.il/classes.html]
[www.jja.co.il/blog.html]
[www.jja.co.il/podcast.html]
[www.jja.co.il/branch.html]
[static.parastorage.com/services/pro-gallery-santa-wrapper/1.2776.0/staticCss.min.css]
[static.wixstatic.com/media/522405_55db854d2b0c4cb0983da55f82bb27dcf000.jpg/v1/fill/w_147,h_83,al_c,q_80,usm_0.66_1.00_0.01,blur_2,/522405_55db854d2b0c4cb0983da55f]
[static.wixstatic.com/media/522405_500bb34964f64e7e8f3c0f17fd522428_mv2.png/v1/fill/w_477,h_269,q_90/522405_500bb34964f64e7e8f3c0f17fd522428_mv2.png]
[static.wixstatic.com/media/522405_d9122040f3314000be9d69120e7a64ad_mv2.png/v1/fill/w_478,h_269,fp_0.31_0.22,q_90/522405_d9122040f3314000be9d69120e7a64ad_mv2.30.de]
[static.wixstatic.com/media/522405_bb671e849aec47278b2710559a9b7965f000.jpg/v1/fill/w_147,h_7,al_c,q_80,usm_0.66_1.00_0.01,blur_2,e/522405_bb671e849aec47278b271055]
[static.wixstatic.com/media/522405_7943e2f5ba724957a4ae10f22b357fa2_mv2.png/v1/fill/w_49,h_22,al_c,q_85,usm_0.66_1.00_0.01,blur_2,e/522405_7943e2f5ba724957a4ae10f2]
[static.wixstatic.com/media/522405_d50d52a6b5f846a69b2cf574b3902f8f_mv2.png/v1/fill/w_71,h_91,al_c,q_85,usm_0.66_1.00_0.01,blur_1,e/522405_d50d52a6b5f846a69b2cf574]
[www.jja.co.il/faq.html]
[static.wixstatic.com/media/522405_9084b775af5e4d74acb0e829f4adc8e7_mv2.png/v1/fill/w_71,h_91,al_c,q_85,usm_0.66_1.00_0.01,blur_1,e/522405_9084b775af5e4d74acb0e829]
[www.jja.co.il/post/the-body-as-an-independent-learning-system-gidon-sagher.html]
[www.jja.co.il/post/the-advantage-of-a-box-gidon-sagher.html]
[static.wixstatic.com/media/522405_2c7e9fafc4834d45a4add0593c68f085_mv2_d_2/v1/fill/w_392,h_392,q_90/522405_2c7e9fafc4834d45a4add0593c68f085_mv2_d_2048_1365_s_2.39]
[static.wixstatic.com/media/522405_cef31916e2a743fc8711215d07cb56a0_mv2.jpg/v1/fill/w_392,h_392,fp_0.4_0.39,q_90/522405_cef31916e2a743fc8711215d07cb56a0_mv2.3a.del]
[static.wixstatic.com/media/522405_dabd64142f02449b84e8cbbb511ba3b8_mv2.jpg/v1/fill/w_392,h_392,fp_0.8_0.27,q_90/522405_dabd64142f02449b84e8cbbb511ba3b8_mv2.3b.del]
[static.wixstatic.com/media/827c6d_1b44560f3882461193e9a4da91abb305_mv2.png/v1/fill/w_133,h_130,al_c,q_85,usm_0.66_1.00_0.01,blur_3,enc_auto/logo-lg.png]
[static.wixstatic.com/media/522405_cda61714f96149249f8acd59fda6c829_mv2_d_2/v1/fill/w_392,h_392,fp_0.49_0.25,q_90/522405_cda61714f96149249f8acd59fda6c829_mv2_d_204]
[static.wixstatic.com/media/522405_9473620c85d34490b2f1b57be7cc873b_mv2_d_2/v1/fill/w_392,h_392,fp_0.31_0.28,q_90/522405_9473620c85d34490b2f1b57be7cc873b_mv2_d_204]
[www.jja.co.il/post/tel-aviv-s-hidden-mixed-martial-arts-community-urban-jiu-jitsu.html]
[static.wixstatic.com/media/522405_c0da15b51f5445978847cd0f2dcdc9f2_mv2_d_2/v1/fill/w_392,h_392,q_90/522405_c0da15b51f5445978847cd0f2dcdc9f2_mv2_d_2048_1365_s_2.3e]
[www.jja.co.il/telaviv.html]
[www.jja.co.il/herzelia.html]
[www.jja.co.il/kadima.html]
[static.wixstatic.com/media/827c6d_1b44560f3882461193e9a4da91abb305_mv2.png/v1/fill/w_119,h_116,al_c,q_85,usm_0.66_1.00_0.01,blur_3,enc_auto/logo-lg.png]
[www.jja.co.il/english.html]
[www.jja.co.il/decodeURIComponent(e.html]
[www.jja.co.il/feed.html]
[www.jja.co.il/bilu.html]
[www.jja.co.il/f8ec65c6.min.css]
[static.wixstatic.com/media/522405_73296a9f9f134fb28d81d506e41d0491f000.jpg/v1/fill/w_122,h_69,al_c,q_80,usm_0.66_1.00_0.01,blur_2,/522405_73296a9f9f134fb28d81d506]
[static.wixstatic.com/media/522405_c326111cd45d49548288833d889c70bd_mv2.png/v1/fill/w_57,h_42,al_c,q_85,usm_0.66_1.00_0.01,blur_2,e/522405_c326111cd45d49548288833d]
[www.jja.co.il/jiujistu.html]
[static.wixstatic.com/media/522405_c03803146b884c76bdc16587a4be6a6a_mv2.png/v1/fill/w_57,h_41,al_c,q_85,usm_0.66_1.00_0.01,blur_2,e/522405_c03803146b884c76bdc16587]
[www.jja.co.il/mma.html]
[static.wixstatic.com/media/522405_0434eba05e294032b787570210c3bca9_mv2.png/v1/fill/w_57,h_41,al_c,q_85,usm_0.66_1.00_0.01,blur_2,e/522405_0434eba05e294032b7875702]
[www.jja.co.il/submissiongrappling.html]
[static.wixstatic.com/media/522405_0b58992fab374721b0c09d3e227c7327_mv2.png/v1/fill/w_57,h_41,al_c,q_85,usm_0.66_1.00_0.01,blur_2,e/522405_0b58992fab374721b0c09d3e]
[www.jja.co.il/takedowns.html]
[www.jja.co.il/competing.html]
[www.jja.co.il/children.html]
[www.jja.co.il/personal.html]
[static.wixstatic.com/media/522405_d50d52a6b5f846a69b2cf574b3902f8f_mv2.png/v1/fill/w_257,h_342,fp_0.51_0.4,q_90/522405_d50d52a6b5f846a69b2cf574b3902f8f_mv2.53.del]
[static.wixstatic.com/media/522405_9084b775af5e4d74acb0e829f4adc8e7_mv2.png/v1/fill/w_257,h_342,fp_0.5_0.4,q_90/522405_9084b775af5e4d74acb0e829f4adc8e7_mv2.54.dela]
[static.wixstatic.com/media/522405_0556bff3e83a42ab8f2118db1583966e_mv2.png/v1/fill/w_49,h_22,al_c,q_85,usm_0.66_1.00_0.01,blur_2,e/522405_0556bff3e83a42ab8f2118db]
[static.wixstatic.com/media/827c6d_1b44560f3882461193e9a4da91abb305_mv2.png/v1/fill/w_143,h_140,al_c,q_85,usm_0.66_1.00_0.01,blur_3,enc_auto/logo-lg.png]
[static.wixstatic.com/media/522405_fb2ecd824e734de98af23f9966b046ed_mv2.png/v1/fill/w_257,h_342,fp_0.5_0.44,q_90/522405_fb2ecd824e734de98af23f9966b046ed_mv2.55.del]
[static.wixstatic.com/media/522405_019263c0783941fdaeb51ad4182fbc59_mv2.png/v1/fill/w_257,h_342,fp_0.49_0.44,q_90/522405_019263c0783941fdaeb51ad4182fbc59_mv2.56.de]
[static.wixstatic.com/media/522405_785f038bf1bd4ea9b1c0aa83c06db503_mv2.png/v1/fill/w_257,h_342,fp_0.5_0.4,q_90/522405_785f038bf1bd4ea9b1c0aa83c06db503_mv2.57.dela]
[static.wixstatic.com/media/522405_bbf3bdc9701d4ecfb65ed261bfc7be5c_mv2.png/v1/fill/w_257,h_342,fp_0.53_0.31,q_90/522405_bbf3bdc9701d4ecfb65ed261bfc7be5c_mv2.58.de]
[www.jja.co.il/post/ג-יו-ג-יטסו-בלתי-נראה-גדעון-זגהר.html]
[www.jja.co.il/post/עכשיו-זה-הזמן-להתחיל-להתאמן-שאול-זגהר.html]
[www.jja.co.il/index.html]
[www.jja.co.il/version/index.html]
[www.jja.co.il/eec152dc.min.html]
[www.jja.co.il/fa226960.min.html]
[www.jja.co.il/0f167ed7.min.html]
[www.jja.co.il/b604fd33.min.html]
[www.jja.co.il/02b07b80.min.html]
[www.jja.co.il/7c602eb2.min.html]
[www.jja.co.il/f52e40aa.min.html]
[www.jja.co.il/b8760986.min.html]
[www.jja.co.il/99a6a99f.min.html]
[www.jja.co.il/62a3290c.min.html]
[www.jja.co.il/1f15f937.min.html]
[www.jja.co.il/7a36fe10.chunk.min.html]
[www.jja.co.il/e3671379.chunk.min.html]
[www.jja.co.il/rb_wixui.thunderbolt_bootstrap-classic.db545a77.chunk.min.html]
[www.jja.co.il/rb_wixui.thunderbolt_bootstrap.8a86afda.chunk.min.html]
[www.jja.co.il/rb_wixui.thunderbolt_bootstrap.7a36fe10.chunk.min.html]
[www.jja.co.il/rb_wixui.thunderbolt_bootstrap-responsive.f3ca696f.chunk.min.html]
[www.jja.co.il/rb_wixui.thunderbolt_bootstrap-responsive.e3671379.chunk.min.html]
[www.jja.co.il/rb_wixui.thunderbolt_common-site-members-dialogs.384b0b57.chunk.min.html]
[www.jja.co.il/rb_wixui.thunderbolt_common-site-members-dialogs.2059cbfd.chunk.min.html]
[static.parastorage.com/services/wix-thunderbolt/dist/ab-test-compilation/thunderbolt-commons.7ca534fa.bundle.min.js]
[static.parastorage.com/services/wix-thunderbolt/dist/ab-test-compilation/main.c16c2c7f.bundle.min.js]
[www.jja.co.il/post/עצות-למתחיל-גדעון-זגהר.html]
[static.wixstatic.com/media/522405_1ad1e44d5b0e43ff8014a3af5bb5fb26_mv2.jpg/v1/fill/w_76,h_52,al_c,q_80,usm_0.66_1.00_0.01,blur_2,e/10426672_806522229386754_856832]
[static.wixstatic.com/media/522405_6b391fe5799841d5892eed67fe41e007_mv2_d_3/v1/fill/w_41,h_21,al_c,q_85,usm_0.66_1.00_0.01,blur_2,e/522405_6b391fe5799841d5892eed67]
[static.wixstatic.com/media/522405_2a548b537b2f434aaa33e3445d703b0e_mv2.jpg/v1/crop/x_0,y_85,w_960,h_410/fill/w_128,h_55,al_c,q_80,usm_0.66/48417331_20464116753977]
[www.jja.co.il/shlomi.html]
[static.wixstatic.com/media/522405_b93d90dd0f8e4b52ab24268ae7d14980_mv2.png/v1/crop/x_3,y_0,w_618,h_418/fill/w_77,h_52,al_c,q_85,usm_0.66_1.00_0.01,/מיכה.63.delaye]
[www.jja.co.il/micha.html]
[static.wixstatic.com/media/522405_33e0f3a9778546478b7f42fc72846121_mv2.jpg/v1/crop/x_0,y_172,w_1066,h_721/fill/w_77,h_52,al_c,q_80,usm_0.66_1/רן ברכה(1).65.delaye]
[www.jja.co.il/ran.html]
[static.wixstatic.com/media/522405_2ef60f8ed3a3419a883208c360d51d39_mv2.png/v1/crop/x_3,y_0,w_618,h_418/fill/w_77,h_52,al_c,q_85,usm_0.66_1/אורי דוד copy.67.delaye]
[static.wixstatic.com/media/522405_d6e2070908fc475e898fc6c7c849cf7a_mv2.png/v1/fill/w_77,h_51,al_c,q_85,usm_0.66_1.00_0.01,blur_2,enc_auto/עילי.png]
[www.jja.co.il/orik.html]
[www.jja.co.il/ilai.html]
[static.wixstatic.com/media/522405_13011621e39c420fa7d8de62e8453c58_mv2.png/v1/crop/x_37,y_0,w_601,h_407/fill/w_76,h_52,al_c,q_85,usm_0.66_1.00_0.01,/רון.6b.delaye]
[static.wixstatic.com/media/522405_67ddcf449b5f4bc9836ed0fdaf3636ba_mv2.png/v1/fill/w_77,h_51,al_c,q_85,usm_0.66_1.00_0.01,blur_2,enc_auto/שלומי.png]
[www.jja.co.il/ron.html]
[static.wixstatic.com/media/522405_0e3cc84c0ada438692c51f75a8a2c0e6_mv2.png/v1/crop/x_3,y_0,w_618,h_418/fill/w_77,h_52,al_c,q_85,usm_0.66_1.00_/אמיר copy.6e.delaye]
[www.jja.co.il/amir.html]
[static.wixstatic.com/media/522405_e8d4d19e9c224d44b157aff0da705a66_mv2.png/v1/crop/x_3,y_0,w_618,h_418/fill/w_77,h_52,al_c,q_85,usm_0.66_1.00_/דן קלארמן.70.delaye]
[static.wixstatic.com/media/522405_816b3a8e59ae47cda56691777bd2a03c_mv2.png/v1/crop/x_3,y_0,w_618,h_418/fill/w_77,h_52,al_c,q_85,usm_0.66_1.00_0/אדג קובו.72.delaye]
[www.jja.co.il/dank.html]
[static.wixstatic.com/media/522405_dff06852d6d84102a63b3c6363ca370b_mv2.png/v1/fill/w_77,h_51,al_c,q_85,usm_0.66_1.00_0.01,blur_2,enc_auto/רומי.png]
[www.jja.co.il/adge.html]
[www.jja.co.il/romi.html]
[static.wixstatic.com/media/522405_91f48b0a7c7f4797b2603d83bb9c7103_mv2.png/v1/crop/x_3,y_0,w_618,h_418/fill/w_77,h_52,al_c,q_85,usm_0.66_1.00_0.01,b/נדב.76.delaye]
[www.jja.co.il/copy-of.html]
[static.wixstatic.com/media/522405_89d2284fb6d842f4856a0e9cabb18c70_mv2.png/v1/crop/x_0,y_14,w_734,h_498/fill/w_76,h_52,al_c,q_85,usm_0.66_1.00_0/משה וי2.78.delaye]
[www.jja.co.il/moshe.html]
[static.wixstatic.com/media/522405_6fccac9c34eb4a7f9952e8161f6f298a_mv2.png/v1/crop/x_3,y_0,w_618,h_418/fill/w_77,h_52,al_c,q_85,usm_0.66_1.00_0.01/גיימס.7a.delaye]
[static.wixstatic.com/media/522405_a5d3d4ef6ca54470aec569a7a90d1710_mv2.jpg/v1/crop/x_34,y_0,w_627,h_463/fill/w_70,h_52,al_c,q_80,usm_0.66_1.00/אורי דויד.7c.delaye]
[static.wixstatic.com/media/522405_5ab41d13fd334779a6cc95abf8154832_mv2.png/v1/crop/x_3,y_0,w_618,h_418/fill/w_77,h_52,al_c,q_85,usm_0.66_1.00_0.01,/עופר.7e.delaye]
[www.jja.co.il/james.html]
[www.jja.co.il/orid.html]
[www.jja.co.il/ofer.html]
[static.wixstatic.com/media/522405_46df72cded884f6eb5aa251d7cf6890a_mv2.png/v1/crop/x_3,y_0,w_618,h_418/fill/w_77,h_52,al_c,q_85,usm_0.66_1.00_0.01,bl/דן.80.delaye]
[www.jja.co.il/academy.html]
[www.jja.co.il/team.html]
[static.wixstatic.com/media/522405_965bcc13b19241c094d9d634641887ce_mv2_d_3/v1/fill/w_41,h_21,al_c,q_85,usm_0.66_1.00_0.01,blur_2,e/522405_965bcc13b19241c094d9d634]
[static.wixstatic.com/media/522405_d50d52a6b5f846a69b2cf574b3902f8f_mv2.png/v1/crop/x_10,y_0,w_264,h_365/fill/w_60,h_83,al_c,q_85,usm_0.66_/Artboard Copy 53.83.del]
[static.wixstatic.com/media/522405_a53668e7a74243bd8892dcd6c7392839_mv2_d_1/v1/crop/x_0,y_112,w_1365,h_1899/fill/w_60,h_83,al_c,q_80,usm_0/28337935_10156055210389]
[static.wixstatic.com/media/522405_a6dda4b9e86642138782657cefb553ae_mv2.png/v1/crop/x_134,y_0,w_503,h_696/fill/w_60,h_83,al_c,q_85,usm_0.66/Screen Shot 2021-12-07]
[static.wixstatic.com/media/522405_451987fcfbdb4a8eb1b02789bca866ee_mv2.jpe/v1/crop/x_189,y_0,w_493,h_683/fill/w_60,h_83,al_c,q_80,usm_0.66/69630413-a950-4b40-9f19]
[static.wixstatic.com/media/522405_4d730fd5ec984ab3b410ae445bc08d16_mv2_d_2/v1/crop/x_892,y_0,w_987,h_1365/fill/w_60,h_83,al_c,q_80,usm_0.6/32646832_10156259970584]
[www.jja.co.il/classes.html]
[static.wixstatic.com/media/522405_bbf3bdc9701d4ecfb65ed261bfc7be5c_mv2.png/v1/crop/x_104,y_0,w_593,h_820/fill/w_60,h_83,al_c,q_85,usm_0.66/Screen Shot 2021-12-06]
[static.wixstatic.com/media/522405_a57a920286e84423a1ddcdd8fc4c9528_mv2.jpg/v1/crop/x_220,y_0,w_518,h_716/fill/w_60,h_83,al_c,q_80,usm_0.66/29261903_29547493764764]
[static.wixstatic.com/media/522405_34e9cc5cfa15447a95dc2173e39e5ff2_mv2_d_2/v1/fill/w_95,h_63,al_c,q_80,usm_0.66_1.00_0.01,blur_2,e/522405_34e9cc5cfa15447a95dc2173]
[static.wixstatic.com/media/827c6d_f5196c8b88e24315978b011461f903ae_mv2_d_2/v1/crop/x_804,y_0,w_1137,h_1365/fill/w_85,h_103,al_c,q_80,usm_0/36575287_10156375133134]
[static.wixstatic.com/media/522405_9a59838e91894ff4ad07bdbb8e480008_mv2.jpe/v1/crop/x_345,y_82,w_490,h_588/fill/w_86,h_103,al_c,q_80,usm_0/WhatsApp Image 2019-06-]
[www.jja.co.il/dan.html]
[static.wixstatic.com/media/522405_ed3980e3203c4317b0bf5a5184c848ed_mv2_d_1/v1/crop/x_118,y_221,w_1090,h_1309/fill/w_85,h_103,al_c,q_80,usm/42730731_10156578960089]
[static.wixstatic.com/media/522405_c09e9b886f4641dc95b27e5344abc4cf_mv2_d_2/v1/crop/x_570,y_82,w_1002,h_1203/fill/w_86,h_103,al_c,q_80,usm_/51243252_10156870790374]
[www.jja.co.il/blog-feed.xml]
[static.wixstatic.com/media/522405_cef31916e2a743fc8711215d07cb56a0_mv2.jpg/v1/crop/x_82,y_0,w_819,h_982/fill/w_85,h_102,al_c,q_80,usm_0.66/35553413_33825679003612]
[static.wixstatic.com/media/522405_17b5830bc8424f68b72993d2f95f76c5_mv2_d_3/v1/crop/x_0,y_548,w_3648,h_4375/fill/w_86,h_103,al_c,q_80,usm_0/IMG_1550_JPG.90.delaye]
[static.wixstatic.com/media/522405_7d4fde1d431b452190271624e794c530_mv2.jpg/v1/crop/x_135,y_123,w_688,h_827/fill/w_85,h_102,al_c,q_80,usm_0/44131168_22193222914127]
[static.parastorage.com/services/communities-blog-ooi/1.539.0/client/post-list-pro-gallery.chunk.min.css]
[static.parastorage.com/services/communities-blog-ooi/1.539.0/client/972.chunk.min.js]
[static.parastorage.com/services/communities-blog-ooi/1.539.0/client/5938.chunk.min.js]
[static.parastorage.com/services/communities-blog-ooi/1.539.0/client/5967.chunk.min.js]
[static.parastorage.com/services/communities-blog-ooi/1.539.0/client/post-list-pro-gallery.chunk.min.js]
[www.jja.co.il/blog/page/2.html]
[www.jja.co.il/blog/categories/מתחיל.html]
[www.jja.co.il/blog/categories/מקצועי.html]
[www.jja.co.il/blog/categories/כושר.html]
[www.jja.co.il/blog/categories/mma.html]
[www.jja.co.il/blog/categories/en.html]
[www.jja.co.il/blog/categories/jiujitsu.html]
[www.jja.co.il/blog/categories/הומור.html]
[www.jja.co.il/blog/categories/הגנה-עצמית.html]
[www.jja.co.il/blog/categories/ufc.html]
[static.wixstatic.com/media/522405_bf222e290bb3460db35606eb43c76f3a_mv2.png/v1/fill/w_1,h_1,fp_0.50_0.50,q_95,enc_auto/522405_bf222e290bb3460db35606eb43c76f3a_mv2]
[static.wixstatic.com/media/522405_6f39582cb54642af9f86dd9ca4c3d300_mv2.png/v1/fill/w_1,h_1,fp_0.50_0.50,q_95,enc_auto/522405_6f39582cb54642af9f86dd9ca4c3d300_mv2]
[static.wixstatic.com/media/522405_1d1d3a349ae240d2bc914e10039c6e3a_mv2.png/v1/fill/w_1,h_1,fp_0.50_0.50,q_95,enc_auto/522405_1d1d3a349ae240d2bc914e10039c6e3a_mv2]
[www.jja.co.il/post/קרייג-ג-ונס-ב-20-דקות-של-גלגולים.html]
[www.jja.co.il/post/שילוב-אימוני-כוח-ללוחמים.html]
[www.jja.co.il/post/שלוש-וחצי-שעות-שיחה-עם-ריקסון-גרייסי.html]
[static.wixstatic.com/media/243fdd_965e1f3ed15a44feb2f1a12d78155684_mv2.jpg/v1/fill/w_250,h_167,al_c,q_30,blur_30,enc_auto/243fdd_965e1f3ed15a44feb2f1a12d78155684_]
[static.wixstatic.com/media/522405_2ed9dc1f59e8412d8d5331e28f160ea9_mv2.png/v1/fill/w_1,h_1,fp_0.50_0.50,q_95,enc_auto/522405_2ed9dc1f59e8412d8d5331e28f160ea9_mv2]
[www.jja.co.il/post/שח-וג-יוג-יטסו.html]
[static.wixstatic.com/media/243fdd_965e1f3ed15a44feb2f1a12d78155684_mv2.jpg/v1/fill/w_1,h_1,fp_0.50_0.50,q_90,enc_auto/243fdd_965e1f3ed15a44feb2f1a12d78155684_mv2]
[www.jja.co.il/post/ufc263-סיכום-אירוע.html]
[static.wixstatic.com/media/522405_f139e4d59a454fc1815aa0278b1ff605_mv2.png/v1/fill/w_1,h_1,fp_0.50_0.50,q_95,enc_auto/522405_f139e4d59a454fc1815aa0278b1ff605_mv2]
[static.wixstatic.com/media/522405_fc2d8f931a2a419cbfa8645aa259bc9f_mv2.png/v1/fill/w_1,h_1,fp_0.50_0.50,q_95,enc_auto/522405_fc2d8f931a2a419cbfa8645aa259bc9f_mv2]
[www.jja.co.il/post/תמונת-מצב-של-המחלקה-הכבדה-205-265.html]
[www.jja.co.il/post/סיכום-שלושת-הקרבות-המעניינים-ב-ufc-262.html]
[static.wixstatic.com/media/522405_48febc6ef3aa4a9cb21c886428a857ac_mv2.png/v1/fill/w_1,h_1,fp_0.50_0.50,q_95,enc_auto/522405_48febc6ef3aa4a9cb21c886428a857ac_mv2]
[static.wixstatic.com/media/522405_f5927d0183084ad2b74262f152d349db_mv2.png/v1/fill/w_1,h_1,fp_0.50_0.50,q_95,enc_auto/522405_f5927d0183084ad2b74262f152d349db_mv2]
[www.jja.co.il/post/romi-s-black-belt-post.html]
[www.jja.co.il/post/שלוש-וחצי-שעות-של-ג-ון-דנהאר.html]
[static.wixstatic.com/media/522405_80b98bd6f63e4b4ba126365b3c2b0e34_mv2.png/v1/fill/w_1,h_1,fp_0.50_0.50,q_95,enc_auto/522405_80b98bd6f63e4b4ba126365b3c2b0e34_mv2]
[www.jja.co.il/post/גורדון-ראיין-אצל-ג-ו-רוגן.html]
[static.wixstatic.com/media/522405_2be7eafc48274b2098d1dde89417eaa7_mv2.png/v1/fill/w_1,h_1,fp_0.50_0.50,q_95,enc_auto/522405_2be7eafc48274b2098d1dde89417eaa7_mv2]
[www.jja.co.il/post/לוקס-ושאול-שומרים-את-זה-אמיתי-עונה-5-פרק-8.html]
[static.wixstatic.com/media/522405_e60527dc6eef491680909f30a952ebdd_mv2.png/v1/fill/w_1,h_1,fp_0.50_0.50,q_95,enc_auto/522405_e60527dc6eef491680909f30a952ebdd_mv2]
[www.jja.co.il/post/עצירה-קצרה-להודות-על-הקיים.html]
[static.wixstatic.com/media/522405_562dd934ebbc4e75adf2f35f4fe988d6_mv2.jpe/v1/fill/w_1,h_1,fp_0.50_0.50,q_90,enc_auto/522405_562dd934ebbc4e75adf2f35f4fe988d6_mv2]
[static.wixstatic.com/media/522405_562dd934ebbc4e75adf2f35f4fe988d6_mv2.jpe/v1/fill/w_250,h_156,al_c,q_30,blur_30,enc_auto/522405_562dd934ebbc4e75adf2f35f4fe988d6_]
[www.jja.co.il/post/קידום-חגורות-אפריל-2021.html]
[static.wixstatic.com/media/522405_dc03baff8ac9406198349bef5abd60e5_mv2.png/v1/fill/w_1,h_1,fp_0.50_0.50,q_95,enc_auto/522405_dc03baff8ac9406198349bef5abd60e5_mv2]
[www.jja.co.il/post/סוללה-ושלוש-מסקנות.html]
[static.wixstatic.com/media/522405_7a6fcc49d3754921ad314e9b87ccc70a_mv2.png/v1/fill/w_1,h_1,fp_0.50_0.50,q_95,enc_auto/522405_7a6fcc49d3754921ad314e9b87ccc70a_mv2]
[www.jja.co.il/post/10-essential-tips-for-jiu-jitsu.html]
[static.wixstatic.com/media/522405_9ae83976f155403aa12dcf1bdc34bd7b_mv2.png/v1/fill/w_1,h_1,fp_0.50_0.50,q_95,enc_auto/522405_9ae83976f155403aa12dcf1bdc34bd7b_mv2]
[www.jja.co.il/post/ג-וש-וויצקין-שח-וג-יוג-יטסו.html]
[static.wixstatic.com/media/522405_cb49d736e70c4dd3b8ad61b238a4a678_mv2.png/v1/fill/w_1,h_1,fp_0.50_0.50,q_95,enc_auto/522405_cb49d736e70c4dd3b8ad61b238a4a678_mv2]
[static.wixstatic.com/media/522405_a3acf3867f6641b79d4ef28d695d7b8f_mv2.png/v1/fill/w_1,h_1,fp_0.50_0.50,q_95,enc_auto/522405_a3acf3867f6641b79d4ef28d695d7b8f_mv2]
[static.wixstatic.com/media/522405_6458d74e4e8345d09cc90bf67b4b4ec4_mv2.png/v1/fill/w_1,h_1,fp_0.50_0.50,q_95,enc_auto/522405_6458d74e4e8345d09cc90bf67b4b4ec4_mv2]
[www.jja.co.il/post/פרספקטיבה-וקצת-מוטיבציה-סרטון.html]
[www.jja.co.il/post/פרק-מעניין-עם-ראיין-הול-קרוב-ל-3-שעות.html]
[www.jja.co.il/post/פירז-זהבי-מדבר-על-איך-להתאמן-נכון.html]
[static.wixstatic.com/media/522405_a42cfccbd1b54e96a549fda7be4d383e_mv2.jpg/v1/fill/w_250,h_141,al_c,q_30,blur_30,enc_auto/522405_a42cfccbd1b54e96a549fda7be4d383e_]
[static.wixstatic.com/media/522405_a42cfccbd1b54e96a549fda7be4d383e_mv2.jpg/v1/fill/w_1,h_1,fp_0.50_0.50,q_90,enc_auto/522405_a42cfccbd1b54e96a549fda7be4d383e_mv2]
[www.jja.co.il/post/עוד-שיעורים-קצרים-מפיטרסון.html]
[www.jja.co.il/blog/page/3.html]
[www.jja.co.il/blog/page/4.html]
[www.jja.co.il/blog/page/5.html]
[www.jja.co.il/blog.html]
[www.jja.co.il/podcast.html]
[www.jja.co.il/blog/page/9.html]
[www.jja.co.il/branch.html]
[static.wixstatic.com/media/522405_4d790d9aeaf74cc392bc1de2a5843b03_mv2_d_2/v1/fill/w_95,h_63,al_c,q_80,usm_0.66_1.00_0.01,blur_2,e/522405_4d790d9aeaf74cc392bc1de2]
[www.jja.co.il/mishgav.html]
[www.jja.co.il/4ec2545d.min.css]
[www.jja.co.il/faq.html]
[static.parastorage.com/services/pro-gallery-santa-wrapper/1.2776.0/staticCss.min.css]
[static.parastorage.com/services/pro-gallery-santa-wrapper/1.2776.0/media/emptystate.f4c750b6.svg]
[www.jja.co.il/post/decodeURIComponent(e.html]
[www.jja.co.il/post/sitemap.d7.delayed]
[www.jja.co.il/post/robots.html]
[www.jja.co.il/post/feed.xml]
[www.jja.co.il/post/version/index.html]
[www.jja.co.il/post/fa226960.min.html]
[www.jja.co.il/post/0f167ed7.min.html]
[www.jja.co.il/post/b604fd33.min.html]
[www.jja.co.il/post/02b07b80.min.html]
[www.jja.co.il/post/99a6a99f.min.html]
[www.jja.co.il/post/7a36fe10.chunk.min.html]
[www.jja.co.il/post/e3671379.chunk.min.html]
[www.jja.co.il/post/rb_wixui.thunderbolt_bootstrap-classic.db545a77.chunk.min.html]
[www.jja.co.il/post/rb_wixui.thunderbolt_bootstrap.8a86afda.chunk.min.html]
[www.jja.co.il/post/rb_wixui.thunderbolt_bootstrap-responsive.f3ca696f.chunk.min.html]
[www.jja.co.il/post/rb_wixui.thunderbolt_bootstrap-responsive.e3671379.chunk.min.html]
[www.jja.co.il/post/rb_wixui.thunderbolt_bootstrap.7a36fe10.chunk.min.html]
[www.jja.co.il/post/rb_wixui.thunderbolt_common-site-members-dialogs.384b0b57.chunk.min.html]
[www.jja.co.il/post/the-body-as-an-independent-learning-system-gidon-sagher.html]
[www.jja.co.il/post/the-advantage-of-a-box-gidon-sagher.html]
[www.jja.co.il/post/rb_wixui.thunderbolt_common-site-members-dialogs.2059cbfd.chunk.min.html]
[img.theculturetrip.com/768x/https_/cdn.theculturetrip.com/images/56-3737031-14398114227df3a8b57dd04a98b0aa458d5ce716aa.jpg]
[img.theculturetrip.com/768x/https_/cdn.theculturetrip.com/images/56-3927249-girlsmma.jpg]
[img.theculturetrip.com/768x/https_/cdn.theculturetrip.com/images/56-3927251-blackbeltslucasandsami.jpg]
[www.jja.co.il/post/tel-aviv-s-hidden-mixed-martial-arts-community-urban-jiu-jitsu.html]
[www.jja.co.il/84c587cd.min.css]
[www.jja.co.il/telaviv.html]
[www.jja.co.il/herzelia.html]
[static.wixstatic.com/media/035244_b39e0dd888f24695a6d9a1ef5b54940c_mv2.png/v1/fill/w_18,h_18,al_c,q_85,usm_0.66_1.00_0.01,blur_3,e/035244_b39e0dd888f24695a6d9a1ef]
[static.wixstatic.com/media/035244_5a81b9c935f44fb383f2b56c0e4ad3c4_mv2.png/v1/fill/w_18,h_18,al_c,q_85,usm_0.66_1.00_0.01,blur_3,e/035244_5a81b9c935f44fb383f2b56c]
[static.wixstatic.com/media/522405_ed3980e3203c4317b0bf5a5184c848ed_mv2_d_1/v1/crop/x_172,y_131,w_981,h_1357/fill/w_60,h_83,al_c,q_80,usm_0/42730731_10156578960089]
[www.jja.co.il/kadima.html]
[www.jja.co.il/bilu.html]
[www.jja.co.il/f8ec65c6.min.html]
[www.jja.co.il/jiujistu.html]
[static.wixstatic.com/media/522405_3127cac7038548aa947481eb1a4f40f4_mv2_d_3/v1/fill/w_41,h_21,al_c,q_85,usm_0.66_1.00_0.01,blur_2,e/522405_3127cac7038548aa947481eb]
[static.wixstatic.com/media/522405_c0da15b51f5445978847cd0f2dcdc9f2_mv2_d_2/v1/crop/x_87,y_35,w_1728,h_1264/fill/w_496,h_363,al_c,q_80,usm_/32738960_10156259970429]
[static.wixstatic.com/media/522405_470a7f20a51347baaa06d9d766d6244e_mv2_d_2/v1/crop/x_75,y_68,w_1162,h_1233/fill/w_342,h_363,al_c,q_80,usm_0.66_1.00/bjj2.f0.delaye]
[static.wixstatic.com/media/522405_298ba6a2b763492fb3c0159d23d53fbc_mv2_d_2/v1/crop/x_0,y_197,w_2048,h_851/fill/w_157,h_65,al_c,q_80,usm_0.66_1.00_0/bjj.f1.delaye]
[static.wixstatic.com/media/522405_c851d669e01849f1a2ac8528b2c3a1d0_mv2_d_2/v1/fill/w_95,h_63,al_c,q_80,usm_0.66_1.00_0.01,blur_2,e/522405_c851d669e01849f1a2ac8528]
[www.jja.co.il/173471/הגנה-עצמית.f4.delayed]
[www.jja.co.il/173471/כללי-קרא-לפני-שתתחיל]
[www.jja.co.il/173471/מצבי-הלחימה-ב-mma]
[www.jja.co.il/173471/איגרוף-קלאסי]
[www.jja.co.il/173471/איגרוף-תאילנדי-מוי-תאי-תאי-בוקס]
[www.jja.co.il/173471/האבקות]
[www.jja.co.il/173471/על-השיטה]
[www.jja.co.il/173471/ג-ודו-1]
[www.jja.co.il/173471/היתרון-שבקופסה]
[www.jja.co.il/mma.html]
[www.jja.co.il/submissiongrappling.html]
[static.wixstatic.com/media/522405_0b1df7d9d3db48b1851e3ffd6bc6f911_mv2_d_2/v1/crop/x_91,y_0,w_1865,h_1365/fill/w_124,h_91,al_c,q_80,usm_0/36575287_10156375133134]
[static.wixstatic.com/media/522405_17b5830bc8424f68b72993d2f95f76c5_mv2_d_3/v1/crop/x_0,y_800,w_3648,h_3872/fill/w_86,h_91,al_c,q_80,usm_0/IMG_1550_JPG.106.delaye]
[static.wixstatic.com/media/522405_9473620c85d34490b2f1b57be7cc873b_mv2_d_2/v1/crop/x_0,y_103,w_2048,h_851/fill/w_157,h_65,al_c,q_80,usm_0/29261215_10156105113724]
[www.jja.co.il/takedowns.html]
[static.wixstatic.com/media/522405_f76420b4a82343199e41f378e8907c70_mv2_d_2/v1/fill/w_95,h_63,al_c,q_80,usm_0.66_1.00_0.01,blur_2,e/522405_f76420b4a82343199e41f378]
[static.wixstatic.com/media/522405_68c9a3d66e604185b625cd372ec599ee_mv2.jpg/v1/crop/x_204,y_100,w_649,h_476/fill/w_496,h_363,al_c,q_80,usm_0/submission.109.delaye]
[static.wixstatic.com/media/522405_72445d71201b4d8d909673bb2d53ed06_mv2_d_3/v1/crop/x_0,y_962,w_3501,h_3716/fill/w_342,h_363,al_c,q_80,usm_/IMG_2247_JPG.10a.delaye]
[static.wixstatic.com/media/522405_edd90aa4b4e64334becdddf9e231a3e8_mv2_d_4/v1/crop/x_0,y_863,w_4864,h_2022/fill/w_157,h_65,al_c,q_80,usm_0/IMG_2206_JPG.10b.delaye]
[www.jja.co.il/competing.html]
[static.wixstatic.com/media/522405_8453c5947262415e857605d5d20380ee_mv2_d_2/v1/fill/w_95,h_63,al_c,q_80,usm_0.66_1.00_0.01,blur_2,e/522405_8453c5947262415e857605d5]
[static.wixstatic.com/media/522405_b54b2cad7a3d41c89babbc998da215e9_mv2_d_2/v1/crop/x_91,y_0,w_1865,h_1365/fill/w_124,h_91,al_c,q_80,usm_0.66_/take down.10d.delaye]
[www.jja.co.il/children.html]
[static.wixstatic.com/media/522405_a124730f3a3e471db6c6553cf33cb5e6_mv2_d_2/v1/crop/x_763,y_0,w_1285,h_1365/fill/w_85,h_91,al_c,q_80,usm_0/51019923_10156870790834]
[static.wixstatic.com/media/522405_3eec9436b13442c48d983984760d9dc7_mv2_d_2/v1/crop/x_0,y_0,w_2048,h_851/fill/w_157,h_65,al_c,q_80,usm_0.66/30516361_10156172474529]
[static.wixstatic.com/media/522405_a90f760d6ed948028fdcabf85b0d2bc0_mv2_d_1/v1/fill/w_100,h_63,al_c,q_80,usm_0.66_1.00_0.01,blur_2,/522405_a90f760d6ed948028fdcabf8]
[www.jja.co.il/personal.html]
[static.wixstatic.com/media/522405_aefbfc811ca14bdda5f35e292755e0c8_mv2.jpg/v1/crop/x_0,y_127,w_960,h_703/fill/w_496,h_363,al_c,q_80,usm_0/אימון מתחרים.111.delaye]
[static.wixstatic.com/media/522405_b32d92907cd34d22a3e6476d3c647157_mv2_d_3/v1/crop/x_0,y_800,w_3648,h_3872/fill/w_342,h_363,al_c,q_80,usm_/IMG_1548_JPG.112.delaye]
[static.wixstatic.com/media/522405_7204e6639a794756a3fb2a12e7e20362_mv2_d_5/v1/crop/x_0,y_686,w_5472,h_2275/fill/w_157,h_65,al_c,q_80,usm_0/IMG_2264_JPG.113.delaye]
[static.wixstatic.com/media/522405_027a8c799b50443f870ce72581fe12d0_mv2_d_5/v1/fill/w_95,h_63,al_c,q_80,usm_0.66_1.00_0.01,blur_2,e/522405_027a8c799b50443f870ce725]
[static.wixstatic.com/media/522405_7d4fde1d431b452190271624e794c530_mv2.jpg/v1/crop/x_0,y_161,w_872,h_638/fill/w_496,h_362,al_c,q_80,usm_0/44131168_22193222914127]
[www.jja.co.il/post/ג-יו-ג-יטסו-בלתי-נראה-גדעון-זגהר.html]
[static.wixstatic.com/media/522405_17b5830bc8424f68b72993d2f95f76c5_mv2_d_3/v1/crop/x_0,y_800,w_3648,h_3872/fill/w_342,h_362,al_c,q_80,usm_/IMG_1550_JPG.116.delaye]
[static.wixstatic.com/media/522405_4018ad569d0e47deb9e4ed1f6ee030c1_mv2.jpg/v1/crop/x_0,y_108,w_1024,h_426/fill/w_157,h_65,al_c,q_80,usm_0/56262446_51725436880303]
[www.jja.co.il/post/עכשיו-זה-הזמן-להתחיל-להתאמן-שאול-זגהר.html]
[static.wixstatic.com/media/522405_8829220c96fa4f7db1267d94636bf341_mv2_d_3/v1/fill/w_41,h_21,al_c,q_85,usm_0.66_1.00_0.01,blur_2,e/522405_8829220c96fa4f7db1267d94]
[static.wixstatic.com/media/522405_db39b6db5c094591b5196ea7ee6b1a2a_mv2_d_1/v1/crop/x_92,y_0,w_1315,h_1397/fill/w_342,h_362,al_c,q_80,usm_0/48411428_10156775655599]
[static.wixstatic.com/media/522405_53f63eff98034447891b9b6090df89c0_mv2_d_2/v1/crop/x_91,y_0,w_1865,h_1365/fill/w_496,h_362,al_c,q_80,usm_0/53585251_10156957601809]
[static.wixstatic.com/media/522405_b38d9cd91b694113bfb1172043f64da8_mv2_d_2/v1/crop/x_0,y_183,w_2048,h_851/fill/w_157,h_65,al_c,q_80,usm_0/36603230_10156375132649]
[www.jja.co.il/post/מצבי-לחימה-בג-יוג-יטסו.html]
[www.jja.co.il/post/עצות-למתחיל-גדעון-זגהר.html]
[www.jja.co.il/post/טכניקות-מיוטיוב-חוסמי-למידה-ומערכת-הקשרים-גדעון-זגהר.html]
[www.jja.co.il/shlomi.html]
[www.jja.co.il/micha.html]
[www.jja.co.il/ran.html]
[static.wixstatic.com/media/522405_113bb45bc02e47728f12675e7c9b5063_mv2_d_2/v1/crop/x_942,y_0,w_1106,h_1358/fill/w_336,h_412,al_c,q_80,usm_/שלומי בן ציון(2).11f.de]
[static.wixstatic.com/media/522405_a90f760d6ed948028fdcabf85b0d2bc0_mv2_d_1/v1/crop/x_162,y_150,w_838,h_1028/fill/w_336,h_412,al_c,q_80,usm_0.66_/מתחרים.120.delaye]
[static.wixstatic.com/media/522405_33e0f3a9778546478b7f42fc72846121_mv2.jpg/v1/crop/x_99,y_0,w_869,h_1065/fill/w_336,h_412,al_c,q_80,usm_0.66/רן ברכה(1).121.delaye]
[www.jja.co.il/orik.html]
[www.jja.co.il/ilai.html]
[static.wixstatic.com/media/522405_276237f689a14eceac872b944909ce73_mv2.png/v1/crop/x_24,y_66,w_348,h_427/fill/w_336,h_412,al_c,q_85,usm_0.66/אורי קוטיק.122.delaye]
[www.jja.co.il/ron.html]
[static.wixstatic.com/media/522405_5cf022a06e8b45259690d03c4549c120_mv2.png/v1/crop/x_303,y_0,w_363,h_445/fill/w_336,h_412,al_c,q_85,usm_0.66_1.00_/עילי.123.delaye]
[static.wixstatic.com/media/522405_13011621e39c420fa7d8de62e8453c58_mv2.png/v1/crop/x_41,y_0,w_367,h_450/fill/w_336,h_412,al_c,q_85,usm_0.66_1.00_0/רון.124.delaye]
[www.jja.co.il/amir.html]
[static.wixstatic.com/media/522405_9cd5b10fddfa432e930393415b46d54e_mv2_d_2/v1/crop/x_225,y_0,w_1113,h_1365/fill/w_336,h_412,al_c,q_80,usm_0.66_1.0/אמיר.125.delaye]
[www.jja.co.il/dank.html]
[www.jja.co.il/adge.html]
[static.wixstatic.com/media/522405_a3f7e9f52f6d4adb838ff6dfb8c3af2e_mv2.png/v1/crop/x_35,y_29,w_330,h_404/fill/w_336,h_412,al_c,lg_1,q_85,enc_/דן קלארמן.126.delaye]
[static.wixstatic.com/media/522405_2bf8eb951fb34ac082a764b1cbf43bae_mv2.jpg/v1/crop/x_224,y_0,w_391,h_480/fill/w_336,h_412,al_c,q_80,usm_0/אדג_ קובו(1).127.delaye]
[www.jja.co.il/romi.html]
[static.wixstatic.com/media/522405_784dcd3dea454507b7957ea94ebaa3ba_mv2_d_2/v1/crop/x_698,y_21,w_1006,h_1233/fill/w_336,h_412,al_c,q_80,usm_0.66_1/רומי.128.delaye]
[www.jja.co.il/copy-of.html]
[static.wixstatic.com/media/522405_59da89cbb24b47e8b896d1fb1fe10158_mv2.jpg/v1/crop/x_253,y_0,w_883,h_1083/fill/w_336,h_412,al_c,q_80,usm_0/נדב השימשוני_edited.129]
[www.jja.co.il/moshe.html]
[static.wixstatic.com/media/522405_89d2284fb6d842f4856a0e9cabb18c70_mv2.png/v1/crop/x_176,y_0,w_426,h_522/fill/w_336,h_412,al_c,q_85,usm_0.66_1/משה וי2.12a.delaye]
[www.jja.co.il/james.html]
[static.wixstatic.com/media/522405_9370b84aa27344869ebbe647614a246f_mv2.png/v1/crop/x_41,y_0,w_378,h_463/fill/w_336,h_412,al_c,q_85,usm_0.6/Screen Shot 2019-06-24]
[www.jja.co.il/josh.html]
[www.jja.co.il/orid.html]
[static.wixstatic.com/media/522405_643e76f87e92421295f9db6a120f442d_mv2.png/v1/crop/x_184,y_0,w_377,h_463/fill/w_336,h_412,al_c,q_85,usm_0.66_/אורי דויד.12c.delaye]
[www.jja.co.il/ofer.html]
[static.wixstatic.com/media/522405_8133f0c4164243c6b97e0cbf27b8ead1_mv2.png/v1/crop/x_82,y_0,w_457,h_561/fill/w_336,h_412,al_c,q_85,usm_0.66_1.00_0/עופר.12d.delaye]
[static.wixstatic.com/media/522405_5fc34138765f400083e7c975c74388a1_mv2.png/v1/crop/x_89,y_0,w_333,h_408/fill/w_336,h_412,al_c,lg_1,q_85,enc_auto/דן.png]
[www.jja.co.il/dan.html]
[www.jja.co.il/blog/page/decodeURIComponent(e.html]
[www.jja.co.il/blog/page/sitemap.xml]
[www.jja.co.il/blog/page/feed.xml]
[www.jja.co.il/blog/page/robots.html]
[www.jja.co.il/blog/page/fa226960.min.html]
[www.jja.co.il/blog/page/0f167ed7.min.html]
[www.jja.co.il/blog/page/02b07b80.min.html]
[www.jja.co.il/blog/page/99a6a99f.min.html]
[www.jja.co.il/blog/page/7a36fe10.chunk.min.html]
[www.jja.co.il/blog/page/e3671379.chunk.min.html]
[www.jja.co.il/blog/page/rb_wixui.thunderbolt_bootstrap-classic.db545a77.chunk.min.html]
[www.jja.co.il/blog/page/rb_wixui.thunderbolt_bootstrap.8a86afda.chunk.min.html]
[www.jja.co.il/blog/page/rb_wixui.thunderbolt_bootstrap.7a36fe10.chunk.min.html]
[www.jja.co.il/blog/page/rb_wixui.thunderbolt_bootstrap-responsive.f3ca696f.chunk.min.html]
[www.jja.co.il/blog/page/rb_wixui.thunderbolt_bootstrap-responsive.e3671379.chunk.min.html]
[www.jja.co.il/blog/page/rb_wixui.thunderbolt_common-site-members-dialogs.384b0b57.chunk.min.html]
[static.wixstatic.com/media/522405_25e46bf16d55430fa8c4ae97af549a8e_mv2.png/v1/fill/w_1,h_1,fp_0.50_0.50,q_95,enc_auto/522405_25e46bf16d55430fa8c4ae97af549a8e_mv2]
[www.jja.co.il/blog/page/rb_wixui.thunderbolt_common-site-members-dialogs.2059cbfd.chunk.min.html]
[static.wixstatic.com/media/522405_fcae7d8c890b444ab17d1a5206012023_mv2.png/v1/fill/w_1,h_1,fp_0.50_0.50,q_95,enc_auto/522405_fcae7d8c890b444ab17d1a5206012023_mv2]
[www.jja.co.il/post/קצת-על-ספרינג-והתפתחות.html]
[www.jja.co.il/post/כניעה-ללא-תירוץ.html]
[static.wixstatic.com/media/522405_ed8db9072fc344b9b9fade66b7d172ff_mv2.png/v1/fill/w_1,h_1,fp_0.50_0.50,q_95,enc_auto/522405_ed8db9072fc344b9b9fade66b7d172ff_mv2]
[www.jja.co.il/post/האם-זה-לוגי-להיות-מתאמן-רק-לא-גי.html]
[static.wixstatic.com/media/522405_6c502bf8af8741b4a9c04964037ad668_mv2.png/v1/fill/w_1,h_1,fp_0.50_0.50,q_95,enc_auto/522405_6c502bf8af8741b4a9c04964037ad668_mv2]
[static.wixstatic.com/media/522405_901f6b56ca0640e6981a348ba7ecd41f_mv2.jpg/v1/fill/w_1,h_1,fp_0.50_0.50,q_90,enc_auto/522405_901f6b56ca0640e6981a348ba7ecd41f_mv2]
[static.wixstatic.com/media/522405_901f6b56ca0640e6981a348ba7ecd41f_mv2.jpg/v1/fill/w_250,h_161,al_c,q_30,blur_30,enc_auto/522405_901f6b56ca0640e6981a348ba7ecd41f_]
[www.jja.co.il/post/שומרים-את-זה-אמיתי-עם-ניר-חזן-ולוקאס.html]
[static.wixstatic.com/media/522405_584f3fc0dfed436896aee58e017c8594_mv2.png/v1/fill/w_1,h_1,fp_0.50_0.50,q_95,enc_auto/522405_584f3fc0dfed436896aee58e017c8594_mv2]
[www.jja.co.il/post/קידום-חגורות-2020.html]
[static.wixstatic.com/media/522405_4c53c6768b624e01813ed87baf63106b_mv2.png/v1/fill/w_1,h_1,fp_0.50_0.50,q_95,enc_auto/522405_4c53c6768b624e01813ed87baf63106b_mv2]
[www.jja.co.il/post/קומיקס-קורונה-מני-רפפורט.html]
[www.jja.co.il/post/לקראת-חזרה-לשגרה-היגיינה-וכללים.html]
[static.wixstatic.com/media/522405_8836c849eef8446e9f6b2564ba99ab8f_mv2.png/v1/fill/w_1,h_1,fp_0.50_0.50,q_95,enc_auto/522405_8836c849eef8446e9f6b2564ba99ab8f_mv2]
[www.jja.co.il/post/שיחה-עם-שאול-וגדעון-על-האור-שבקצה-מנהרת-הקורונה.html]
[static.wixstatic.com/media/522405_d34935b494594247a0687f1644473949_mv2.jpg/v1/fill/w_250,h_141,al_c,q_30,blur_30,enc_auto/522405_d34935b494594247a0687f1644473949_]
[static.wixstatic.com/media/522405_d34935b494594247a0687f1644473949_mv2.jpg/v1/fill/w_1,h_1,fp_0.50_0.50,q_90,enc_auto/522405_d34935b494594247a0687f1644473949_mv2]
[static.wixstatic.com/media/522405_9d976a20dde044faad3bd0d927cecabf_mv2.png/v1/fill/w_1,h_1,fp_0.50_0.50,q_95,enc_auto/522405_9d976a20dde044faad3bd0d927cecabf_mv2]
[www.jja.co.il/post/אסטרטגיית-יציאה-של-אוקטופוס-אקדמי.html]
[www.jja.co.il/post/מפגש-ראשון-אוקטופוס-אונליין.html]
[static.wixstatic.com/media/522405_24b24c18dfd04655881f3a41a166b5dc_mv2.png/v1/fill/w_1,h_1,fp_0.50_0.50,q_95,enc_auto/522405_24b24c18dfd04655881f3a41a166b5dc_mv2]
[static.wixstatic.com/media/522405_c8db6a9e67e747a7982d06665b7bebca_mv2.png/v1/fill/w_1,h_1,fp_0.50_0.50,q_95,enc_auto/522405_c8db6a9e67e747a7982d06665b7bebca_mv2]
[www.jja.co.il/post/חגורה-ראשונה-באוקטופוס-אונליין.html]
[www.jja.co.il/post/פתאום-כולם-התחילו-לעשות-קאטות.html]
[static.wixstatic.com/media/522405_06a67026f10741d2a5dc942991643326_mv2.png/v1/fill/w_1,h_1,fp_0.50_0.50,q_95,enc_auto/522405_06a67026f10741d2a5dc942991643326_mv2]
[static.wixstatic.com/media/522405_967ee6030a894f2a9a0588d0494b775e_mv2.png/v1/fill/w_1,h_1,fp_0.50_0.50,q_95,enc_auto/522405_967ee6030a894f2a9a0588d0494b775e_mv2]
[www.jja.co.il/post/אימון-כושר-בבית-שלום-קסירר.html]
[static.wixstatic.com/media/522405_9d7cede67e0c48d6bf1f8dfa8fd43b8a_mv2.png/v1/fill/w_1,h_1,fp_0.50_0.50,q_95,enc_auto/522405_9d7cede67e0c48d6bf1f8dfa8fd43b8a_mv2]
[www.jja.co.il/post/רעיונות-לאימון-סטרייקינג-לימי-הבידוד-אריאל-פיסחוב.html]
[www.jja.co.il/post/אפליקציית-האתגרים-של-אוקטופוס-אקדמי.html]
[static.wixstatic.com/media/522405_bdddc7b4daf248959d022c7f6984083e_mv2.png/v1/fill/w_1,h_1,fp_0.50_0.50,q_95,enc_auto/522405_bdddc7b4daf248959d022c7f6984083e_mv2]
[www.jja.co.il/post/מדוע-אנשי-ג-יוג-יטסו-צריכים-לדעת-גם-ג-ודו.html]
[static.wixstatic.com/media/522405_9e748555b0eb41978a3c258c47025ae1_mv2.png/v1/fill/w_1,h_1,fp_0.50_0.50,q_95,enc_auto/522405_9e748555b0eb41978a3c258c47025ae1_mv2]
[static.wixstatic.com/media/522405_e7df7e01d55345c4a07ff4fcdbcceab0_mv2.png/v1/fill/w_1,h_1,fp_0.50_0.50,q_95,enc_auto/522405_e7df7e01d55345c4a07ff4fcdbcceab0_mv2]
[www.jja.co.il/post/untitled.html]
[static.wixstatic.com/media/522405_56f57f14d6c0458da7a5c6a4aa5ee7de_mv2.png/v1/fill/w_1,h_1,fp_0.50_0.50,q_95,enc_auto/522405_56f57f14d6c0458da7a5c6a4aa5ee7de_mv2]
[www.jja.co.il/post/קצת-על-חופש-ואופטימיות.html]
[static.wixstatic.com/media/522405_8c612c6c61b94b5d9e56ed3728369099_mv2.png/v1/fill/w_1,h_1,fp_0.50_0.50,q_95,enc_auto/522405_8c612c6c61b94b5d9e56ed3728369099_mv2]
[www.jja.co.il/post/קהילה.html]
[www.jja.co.il/blog/page/2.html]
[static.parastorage.com/services/communities-blog-ooi/1.539.0/client/post-list-pro-gallery.chunk.min.css]
[www.jja.co.il/post/בעיית-דמי-שכירות-במשבר-מאמר-למאמנים.html]
[www.jja.co.il/blog/categories/decodeURIComponent(e.html]
[www.jja.co.il/blog/categories/sitemap.xml]
[www.jja.co.il/blog/categories/feed.xml]
[www.jja.co.il/blog/categories/robots.html]
[www.jja.co.il/blog/categories/מתחיל/page/2.html]
[www.jja.co.il/blog/categories/fa226960.min.html]
[www.jja.co.il/blog/categories/0f167ed7.min.html]
[www.jja.co.il/blog/categories/02b07b80.min.html]
[www.jja.co.il/blog/categories/99a6a99f.min.html]
[www.jja.co.il/blog/categories/7a36fe10.chunk.min.html]
[www.jja.co.il/blog/categories/e3671379.chunk.min.html]
[www.jja.co.il/blog/categories/rb_wixui.thunderbolt_bootstrap-classic.db545a77.chunk.min.html]
[www.jja.co.il/blog/categories/rb_wixui.thunderbolt_bootstrap.8a86afda.chunk.min.html]
[www.jja.co.il/blog/categories/rb_wixui.thunderbolt_bootstrap.7a36fe10.chunk.min.html]
[www.jja.co.il/blog/categories/rb_wixui.thunderbolt_bootstrap-responsive.f3ca696f.chunk.min.html]
[www.jja.co.il/blog/categories/rb_wixui.thunderbolt_bootstrap-responsive.e3671379.chunk.min.html]
[www.jja.co.il/blog/categories/rb_wixui.thunderbolt_common-site-members-dialogs.2059cbfd.chunk.min.html]
[static.wixstatic.com/media/522405_bf222e290bb3460db35606eb43c76f3a_mv2.png/v1/fill/w_514,h_386,fp_0.50_0.50,q_95,enc_auto/522405_bf222e290bb3460db35606eb43c76f3a_]
[static.wixstatic.com/media/522405_6f39582cb54642af9f86dd9ca4c3d300_mv2.png/v1/fill/w_514,h_386,fp_0.50_0.50,q_95,enc_auto/522405_6f39582cb54642af9f86dd9ca4c3d300_]
[www.jja.co.il/blog/categories/rb_wixui.thunderbolt_common-site-members-dialogs.384b0b57.chunk.min.html]
[static.wixstatic.com/media/522405_1d1d3a349ae240d2bc914e10039c6e3a_mv2.png/v1/fill/w_514,h_386,fp_0.50_0.50,q_95,enc_auto/522405_1d1d3a349ae240d2bc914e10039c6e3a_]
[static.wixstatic.com/media/522405_2ed9dc1f59e8412d8d5331e28f160ea9_mv2.png/v1/fill/w_514,h_386,fp_0.50_0.50,q_95,enc_auto/522405_2ed9dc1f59e8412d8d5331e28f160ea9_]
[static.wixstatic.com/media/522405_f139e4d59a454fc1815aa0278b1ff605_mv2.png/v1/fill/w_514,h_386,fp_0.50_0.50,q_95,enc_auto/522405_f139e4d59a454fc1815aa0278b1ff605_]
[www.jja.co.il/blog/categories/מתחיל/page/3.html]
[static.wixstatic.com/media/522405_fc2d8f931a2a419cbfa8645aa259bc9f_mv2.png/v1/fill/w_514,h_386,fp_0.50_0.50,q_95,enc_auto/522405_fc2d8f931a2a419cbfa8645aa259bc9f_]
[static.wixstatic.com/media/522405_48febc6ef3aa4a9cb21c886428a857ac_mv2.png/v1/fill/w_442,h_386,fp_0.50_0.50,q_95,enc_auto/522405_48febc6ef3aa4a9cb21c886428a857ac_]
[static.wixstatic.com/media/522405_80b98bd6f63e4b4ba126365b3c2b0e34_mv2.png/v1/fill/w_514,h_386,fp_0.50_0.50,q_95,enc_auto/522405_80b98bd6f63e4b4ba126365b3c2b0e34_]
[static.wixstatic.com/media/522405_f5927d0183084ad2b74262f152d349db_mv2.png/v1/fill/w_514,h_386,fp_0.50_0.50,q_95,enc_auto/522405_f5927d0183084ad2b74262f152d349db_]
[static.wixstatic.com/media/522405_2be7eafc48274b2098d1dde89417eaa7_mv2.png/v1/fill/w_514,h_386,fp_0.50_0.50,q_95,enc_auto/522405_2be7eafc48274b2098d1dde89417eaa7_]
[static.wixstatic.com/media/522405_e60527dc6eef491680909f30a952ebdd_mv2.png/v1/fill/w_514,h_386,fp_0.50_0.50,q_95,enc_auto/522405_e60527dc6eef491680909f30a952ebdd_]
[static.wixstatic.com/media/522405_562dd934ebbc4e75adf2f35f4fe988d6_mv2.jpe/v1/fill/w_250,h_250,fp_0.50_0.50,q_30,blur_30,enc_auto/522405_562dd934ebbc4e75adf2f35f4]
[www.jja.co.il/blog/categories/מתחיל/page/4.html]
[static.wixstatic.com/media/522405_562dd934ebbc4e75adf2f35f4fe988d6_mv2.jpe/v1/fill/w_514,h_386,fp_0.50_0.50,q_90,enc_auto/522405_562dd934ebbc4e75adf2f35f4fe988d6_]
[static.wixstatic.com/media/522405_dc03baff8ac9406198349bef5abd60e5_mv2.png/v1/fill/w_514,h_386,fp_0.50_0.50,q_95,enc_auto/522405_dc03baff8ac9406198349bef5abd60e5_]
[www.jja.co.il/blog/categories/מתחיל/page/5.html]
[static.wixstatic.com/media/522405_7a6fcc49d3754921ad314e9b87ccc70a_mv2.png/v1/fill/w_514,h_386,fp_0.50_0.50,q_95,enc_auto/522405_7a6fcc49d3754921ad314e9b87ccc70a_]
[www.jja.co.il/blog/categories/מתחיל.html]
[static.wixstatic.com/media/522405_9ae83976f155403aa12dcf1bdc34bd7b_mv2.png/v1/fill/w_514,h_386,fp_0.50_0.50,q_95,enc_auto/522405_9ae83976f155403aa12dcf1bdc34bd7b_]
[static.wixstatic.com/media/522405_cb49d736e70c4dd3b8ad61b238a4a678_mv2.png/v1/fill/w_514,h_386,fp_0.50_0.50,q_95,enc_auto/522405_cb49d736e70c4dd3b8ad61b238a4a678_]
[static.wixstatic.com/media/522405_a3acf3867f6641b79d4ef28d695d7b8f_mv2.png/v1/fill/w_514,h_386,fp_0.50_0.50,q_95,enc_auto/522405_a3acf3867f6641b79d4ef28d695d7b8f_]
[static.wixstatic.com/media/522405_a42cfccbd1b54e96a549fda7be4d383e_mv2.jpg/v1/fill/w_250,h_250,fp_0.50_0.50,q_30,blur_30,enc_auto/522405_a42cfccbd1b54e96a549fda7b]
[www.jja.co.il/blog/categories/מתחיל/page/7.html]
[static.wixstatic.com/media/522405_a42cfccbd1b54e96a549fda7be4d383e_mv2.jpg/v1/fill/w_514,h_386,fp_0.50_0.50,q_90,enc_auto/522405_a42cfccbd1b54e96a549fda7be4d383e_]
[static.wixstatic.com/media/522405_25e46bf16d55430fa8c4ae97af549a8e_mv2.png/v1/fill/w_514,h_386,fp_0.50_0.50,q_95,enc_auto/522405_25e46bf16d55430fa8c4ae97af549a8e_]
[static.wixstatic.com/media/522405_fcae7d8c890b444ab17d1a5206012023_mv2.png/v1/fill/w_514,h_386,fp_0.50_0.50,q_95,enc_auto/522405_fcae7d8c890b444ab17d1a5206012023_]
[www.jja.co.il/blog/categories/version/index.html]
[www.jja.co.il/blog/categories/מקצועי/page/2.html]
[www.jja.co.il/blog/categories/מקצועי/page/3.html]
[www.jja.co.il/blog/categories/מקצועי/page/4.html]
[www.jja.co.il/blog/categories/מקצועי.html]
[www.jja.co.il/blog/categories/מקצועי/page/5.html]
[www.jja.co.il/blog/categories/מקצועי/page/6.html]
[www.jja.co.il/blog/categories/כושר/page/2.html]
[static.wixstatic.com/media/522405_6c502bf8af8741b4a9c04964037ad668_mv2.png/v1/fill/w_504,h_330,fp_0.50_0.50,q_95,enc_auto/522405_6c502bf8af8741b4a9c04964037ad668_]
[static.wixstatic.com/media/522405_ed8db9072fc344b9b9fade66b7d172ff_mv2.png/v1/fill/w_514,h_386,fp_0.50_0.50,q_95,enc_auto/522405_ed8db9072fc344b9b9fade66b7d172ff_]
[static.wixstatic.com/media/522405_4c53c6768b624e01813ed87baf63106b_mv2.png/v1/fill/w_514,h_386,fp_0.50_0.50,q_95,enc_auto/522405_4c53c6768b624e01813ed87baf63106b_]
[static.wixstatic.com/media/522405_8836c849eef8446e9f6b2564ba99ab8f_mv2.png/v1/fill/w_514,h_386,fp_0.50_0.50,q_95,enc_auto/522405_8836c849eef8446e9f6b2564ba99ab8f_]
[static.wixstatic.com/media/522405_d34935b494594247a0687f1644473949_mv2.jpg/v1/fill/w_250,h_250,fp_0.50_0.50,q_30,blur_30,enc_auto/522405_d34935b494594247a0687f164]
[static.wixstatic.com/media/522405_d34935b494594247a0687f1644473949_mv2.jpg/v1/fill/w_514,h_346,fp_0.50_0.50,q_90,enc_auto/522405_d34935b494594247a0687f1644473949_]
[www.jja.co.il/blog/categories/כושר.html]
[static.wixstatic.com/media/522405_9d976a20dde044faad3bd0d927cecabf_mv2.png/v1/fill/w_514,h_386,fp_0.50_0.50,q_95,enc_auto/522405_9d976a20dde044faad3bd0d927cecabf_]
[static.wixstatic.com/media/522405_24b24c18dfd04655881f3a41a166b5dc_mv2.png/v1/fill/w_514,h_386,fp_0.50_0.50,q_95,enc_auto/522405_24b24c18dfd04655881f3a41a166b5dc_]
[static.wixstatic.com/media/522405_c8db6a9e67e747a7982d06665b7bebca_mv2.png/v1/fill/w_396,h_352,fp_0.50_0.50,q_95,enc_auto/522405_c8db6a9e67e747a7982d06665b7bebca_]
[static.wixstatic.com/media/522405_06a67026f10741d2a5dc942991643326_mv2.png/v1/fill/w_514,h_386,fp_0.50_0.50,q_95,enc_auto/522405_06a67026f10741d2a5dc942991643326_]
[www.jja.co.il/blog/categories/כושר/page/3.html]
[www.jja.co.il/blog/categories/en/page/2.html]
[static.wixstatic.com/media/522405_bdddc7b4daf248959d022c7f6984083e_mv2.png/v1/fill/w_514,h_386,fp_0.50_0.50,q_95,enc_auto/522405_bdddc7b4daf248959d022c7f6984083e_]
[static.wixstatic.com/media/522405_6846f00a7603491bbb9169900b16cfe4_mv2.jpg/v1/fill/w_250,h_250,fp_0.50_0.50,q_30,blur_30,enc_auto/522405_6846f00a7603491bbb9169900]
[static.wixstatic.com/media/522405_6846f00a7603491bbb9169900b16cfe4_mv2.jpg/v1/fill/w_514,h_386,fp_0.50_0.50,q_90,enc_auto/522405_6846f00a7603491bbb9169900b16cfe4_]
[static.wixstatic.com/media/522405_5b053f3167e244c3913aae6a2eb6ec6b_mv2.png/v1/fill/w_514,h_386,fp_0.50_0.50,q_95,enc_auto/522405_5b053f3167e244c3913aae6a2eb6ec6b_]
[www.jja.co.il/post/המשבר-משפיע-גם-על-אוקטופוס.html]
[www.jja.co.il/post/time-away-from-the-mat-john-danaher.html]
[static.wixstatic.com/media/522405_992dd5ee5a9b4c7c8fa2a34290479b1e_mv2.jpg/v1/fill/w_250,h_250,fp_0.50_0.50,q_30,blur_30,enc_auto/522405_992dd5ee5a9b4c7c8fa2a3429]
[www.jja.co.il/post/training-in-the-age-of-the-corona-virus.html]
[static.wixstatic.com/media/522405_992dd5ee5a9b4c7c8fa2a34290479b1e_mv2.jpg/v1/fill/w_514,h_386,fp_0.50_0.50,q_90,enc_auto/522405_992dd5ee5a9b4c7c8fa2a34290479b1e_]
[static.wixstatic.com/media/522405_4d8500e3801644e6bc38deeaf3c46660_mv2.jpg/v1/fill/w_250,h_250,fp_0.50_0.50,q_30,blur_30,enc_auto/522405_4d8500e3801644e6bc38deeaf]
[static.wixstatic.com/media/522405_4d8500e3801644e6bc38deeaf3c46660_mv2.jpg/v1/fill/w_514,h_386,fp_0.50_0.50,q_90,enc_auto/522405_4d8500e3801644e6bc38deeaf3c46660_]
[www.jja.co.il/post/כמה-עצות-טובות-מג-ו.html]
[static.wixstatic.com/media/522405_b93c07f32cd74d468da5c7a8f2ae2354_mv2.jpe/v1/fill/w_250,h_250,fp_0.50_0.50,q_30,blur_30,enc_auto/522405_b93c07f32cd74d468da5c7a8f]
[www.jja.co.il/post/bjj-as-language-learning-elie-bleier.html]
[static.wixstatic.com/media/522405_753e2257e4d9444ea279710f200b5362_mv2.png/v1/fill/w_514,h_386,fp_0.50_0.50,q_95,enc_auto/522405_753e2257e4d9444ea279710f200b5362_]
[static.wixstatic.com/media/522405_b93c07f32cd74d468da5c7a8f2ae2354_mv2.jpe/v1/fill/w_514,h_386,fp_0.50_0.50,q_90,enc_auto/522405_b93c07f32cd74d468da5c7a8f2ae2354_]
[static.wixstatic.com/media/522405_d0114b22b6b34fdc908f78bee65acd78_mv2.png/v1/fill/w_514,h_252,fp_0.50_0.50,q_95,enc_auto/522405_d0114b22b6b34fdc908f78bee65acd78_]
[www.jja.co.il/post/שיעור-וידאו-של-כריס.html]
[static.wixstatic.com/media/522405_33c7ed11fb58435eb19b36a169c69e90_mv2.png/v1/fill/w_514,h_386,fp_0.50_0.50,q_95,enc_auto/522405_33c7ed11fb58435eb19b36a169c69e90_]
[www.jja.co.il/post/o-globo-features-jiu-jitsu-in-israel-with-royce-and-de-la-riva.html]
[static.wixstatic.com/media/522405_64cdc1fd90744566af0b79a13dd2acc8_mv2.jpg/v1/fill/w_250,h_250,fp_0.50_0.50,q_30,blur_30,enc_auto/522405_64cdc1fd90744566af0b79a13]
[static.wixstatic.com/media/522405_64cdc1fd90744566af0b79a13dd2acc8_mv2.jpg/v1/fill/w_300,h_300,fp_0.50_0.50,q_90,enc_auto/522405_64cdc1fd90744566af0b79a13dd2acc8_]
[static.wixstatic.com/media/522405_d184b46aeb4144de9146634006c74d22_mv2.png/v1/fill/w_514,h_386,fp_0.50_0.50,q_95,enc_auto/522405_d184b46aeb4144de9146634006c74d22_]
[static.wixstatic.com/media/522405_093470f49fb4405fb360a40063c04758_mv2.jpg/v1/fill/w_250,h_250,fp_0.50_0.50,lg_1,q_30,blur_30,enc_/522405_093470f49fb4405fb360a400]
[www.jja.co.il/blog/categories/en.html]
[static.wixstatic.com/media/522405_093470f49fb4405fb360a40063c04758_mv2.jpg/v1/fill/w_350,h_232,fp_0.50_0.50,q_90,enc_auto/522405_093470f49fb4405fb360a40063c04758_]
[www.jja.co.il/post/illegal-strikes-in-mma-the-good-the-bad-and-the-ugly-tom-s.html]
[static.wixstatic.com/media/522405_584f3fc0dfed436896aee58e017c8594_mv2.png/v1/fill/w_514,h_386,fp_0.50_0.50,q_95,enc_auto/522405_584f3fc0dfed436896aee58e017c8594_]
[www.jja.co.il/blog/categories/mma/page/2.html]
[www.jja.co.il/blog/categories/mma.html]
[www.jja.co.il/blog/categories/mma/page/3.html]
[www.jja.co.il/blog/categories/mma/page/4.html]
[www.jja.co.il/blog/categories/jiujitsu/page/2.html]
[www.jja.co.il/blog/categories/jiujitsu/page/3.html]
[www.jja.co.il/blog/categories/jiujitsu/page/4.html]
[www.jja.co.il/blog/categories/jiujitsu.html]
[www.jja.co.il/blog/categories/jiujitsu/page/5.html]
[www.jja.co.il/blog/categories/jiujitsu/page/7.html]
[static.wixstatic.com/media/522405_4a4af2b11f85455bbe0e1106ad70ecbf_mv2.png/v1/fill/w_514,h_386,fp_0.50_0.50,q_95,enc_auto/522405_4a4af2b11f85455bbe0e1106ad70ecbf_]
[www.jja.co.il/post/התנגשות-פודקסטים-עכברים-שומרים-את-זה-אמיתי.html]
[www.jja.co.il/blog/categories/הומור.html]
[static.wixstatic.com/media/522405_3fd7300326cd430f9f62c3ce28a94157_mv2.png/v1/fill/w_224,h_258,fp_0.50_0.50,q_95,enc_auto/522405_3fd7300326cd430f9f62c3ce28a94157_]
[www.jja.co.il/post/דוקטור-לא-תמיד-יכול-לעזור.html]
[www.jja.co.il/blog/categories/הגנה-עצמית.html]
[static.wixstatic.com/media/522405_9e748555b0eb41978a3c258c47025ae1_mv2.png/v1/fill/w_514,h_386,fp_0.50_0.50,q_95,enc_auto/522405_9e748555b0eb41978a3c258c47025ae1_]
[static.wixstatic.com/media/522405_967ee6030a894f2a9a0588d0494b775e_mv2.png/v1/fill/w_514,h_386,fp_0.50_0.50,q_95,enc_auto/522405_967ee6030a894f2a9a0588d0494b775e_]
[static.wixstatic.com/media/522405_9d7cede67e0c48d6bf1f8dfa8fd43b8a_mv2.png/v1/fill/w_514,h_386,fp_0.50_0.50,q_95,enc_auto/522405_9d7cede67e0c48d6bf1f8dfa8fd43b8a_]
[www.jja.co.il/blog/categories/ufc.html]
